<?xml version="1.0" encoding="UTF-8"?>
<!--

    Copyright 2013 Ben Navetta <ben.navetta@gmail.com>

    Licensed under the Apache License, Version 2.0 (the "License");
    you may not use this file except in compliance with the License.
    You may obtain a copy of the License at

    	http://www.apache.org/licenses/LICENSE-2.0

    Unless required by applicable law or agreed to in writing, software
    distributed under the License is distributed on an "AS IS" BASIS,
    WITHOUT WARRANTIES OR CONDITIONS OF ANY KIND, either express or implied.
    See the License for the specific language governing permissions and
    limitations under the License.

-->
<configuration>
	<repositories>
		<repository id="jboss-releases" name="JBoss Maven Releases" url="https://repository.jboss.org/nexus/content/repositories/releases/"/>
	</repositories>
	<optionalImports>true</optionalImports>
	<parent>/Users/ben/workspaces/gae-website/appsite-client/thirdparty/pom.xml</parent>
	<artifacts>
		<artifact groupId="org.apache.logging.log4j" artifactId="log4j-api" version="2.0-beta4"/>
	</artifacts>
</configuration>